<?xml version="1.0" encoding="UTF-8"?>
<testng-results ignored="0" total="1" passed="1" failed="0" skipped="0">
  <reporter-output>
  </reporter-output>
  <suite started-at="2025-06-16T10:29:02 IST" name="Default suite" finished-at="2025-06-16T10:29:08 IST" duration-ms="5986">
    <groups>
    </groups>
    <test started-at="2025-06-16T10:29:02 IST" name="Default test" finished-at="2025-06-16T10:29:08 IST" duration-ms="5986">
      <class name="_01_Open_Browser.CHROME">
        <test-method signature="Chrome_Maven()[pri:0, instance:_01_Open_Browser.CHROME@359f7cdf]" started-at="2025-06-16T10:29:02 IST" name="Chrome_Maven" finished-at="2025-06-16T10:29:08 IST" duration-ms="5951" status="PASS">
          <reporter-output>
          </reporter-output>
        </test-method> <!-- Chrome_Maven -->
      </class> <!-- _01_Open_Browser.CHROME -->
    </test> <!-- Default test -->
  </suite> <!-- Default suite -->
</testng-results>
