<?xml version="1.0" encoding="UTF-8"?>
<testng-results ignored="0" total="1" passed="1" failed="0" skipped="0">
  <reporter-output>
  </reporter-output>
  <suite started-at="2026-02-23T21:52:47 IST" name="Default suite" finished-at="2026-02-23T21:53:24 IST" duration-ms="36836">
    <groups>
    </groups>
    <test started-at="2026-02-23T21:52:47 IST" name="Default test" finished-at="2026-02-23T21:53:24 IST" duration-ms="36836">
      <class name="_01_Open_Browser.FIREFOX">
        <test-method signature="Firefox_Maven()[pri:0, instance:_01_Open_Browser.FIREFOX@16ec5519]" started-at="2026-02-23T21:52:47 IST" name="Firefox_Maven" finished-at="2026-02-23T21:53:24 IST" duration-ms="36695" status="PASS">
          <reporter-output>
          </reporter-output>
        </test-method> <!-- Firefox_Maven -->
      </class> <!-- _01_Open_Browser.FIREFOX -->
    </test> <!-- Default test -->
  </suite> <!-- Default suite -->
</testng-results>
