<?xml version="1.0" encoding="UTF-8"?>
<!-- Generated by org.testng.reporters.JUnitXMLReporter -->
<testsuite ignored="0" hostname="DESKTOP-63TRQ0M" failures="0" tests="2" name="Default test" time="20.555" errors="0" timestamp="2025-06-14T15:05:15 IST">
  <testcase classname="_DataProvider_From_Excel_WebPage._02_DataProvider_OrangeHRM" name="HRM_Login" time="11.653"/>
  <testcase classname="_DataProvider_From_Excel_WebPage._02_DataProvider_OrangeHRM" name="HRM_Login" time="8.862"/>
</testsuite> <!-- Default test -->
