<?xml version="1.0" encoding="UTF-8"?>
<!-- Generated by org.testng.reporters.JUnitXMLReporter -->
<testsuite ignored="0" hostname="DESKTOP-63TRQ0M" failures="0" tests="3" name="Default test" time="26.194" errors="0" timestamp="2025-09-29T16:06:27 IST">
  <testcase classname="_04_Parameter_Invocation_Time_Count.Invocation_Count" name="InvocationCounts" time="7.107"/>
  <testcase classname="_04_Parameter_Invocation_Time_Count.Invocation_Count" name="InvocationCounts" time="9.081"/>
  <testcase classname="_04_Parameter_Invocation_Time_Count.Invocation_Count" name="InvocationCounts" time="9.975"/>
</testsuite> <!-- Default test -->
