<?xml version="1.0" encoding="UTF-8"?>
<!-- Generated by org.testng.reporters.JUnitXMLReporter -->
<testsuite ignored="0" hostname="DESKTOP-63TRQ0M" failures="1" tests="1" name="ChromeTest" time="0.033" errors="0" timestamp="2025-06-09T11:57:09 IST">
  <testcase classname="testNgBasic.LearnDataProvider" name="login" time="0.0">
    <failure type="java.lang.RuntimeException" message="java.lang.Error: Unresolved compilation problems: 
	XSSFWorkbook cannot be resolved to a type
	XSSFWorkbook cannot be resolved to a type
	XSSFSheet cannot be resolved to a type
	XSSFRow cannot be resolved to a type
	XSSFCell cannot be resolved to a type
	DataFormatter cannot be resolved to a type
	DataFormatter cannot be resolved to a type
">
      <![CDATA[java.lang.RuntimeException: java.lang.Error: Unresolved compilation problems: 
XSSFWorkbook cannot be resolved to a type
XSSFWorkbook cannot be resolved to a type
XSSFSheet cannot be resolved to a type
XSSFRow cannot be resolved to a type
XSSFCell cannot be resolved to a type
DataFormatter cannot be resolved to a type
DataFormatter cannot be resolved to a type

at java.base/java.util.ArrayList.forEach(ArrayList.java:1604)
at java.base/java.util.concurrent.FutureTask.run(FutureTask.java:328)
at java.base/java.util.concurrent.ThreadPoolExecutor.runWorker(ThreadPoolExecutor.java:1095)
at java.base/java.util.concurrent.ThreadPoolExecutor$Worker.run(ThreadPoolExecutor.java:619)
at java.base/java.lang.Thread.run(Thread.java:1447)
Caused by: java.lang.Error: Unresolved compilation problems: 
XSSFWorkbook cannot be resolved to a type
XSSFWorkbook cannot be resolved to a type
XSSFSheet cannot be resolved to a type
XSSFRow cannot be resolved to a type
XSSFCell cannot be resolved to a type
DataFormatter cannot be resolved to a type
DataFormatter cannot be resolved to a type

at utils.ReadExcel.getExcelData(ReadExcel.java:16)
at utils.DataUtils.getData(DataUtils.java:9)
... 19 more
... Removed 20 stack frames]]>
    </failure>
  </testcase> <!-- login -->
</testsuite> <!-- ChromeTest -->
