<?xml version="1.0" encoding="UTF-8"?>
<!-- Generated by org.testng.reporters.JUnitXMLReporter -->
<testsuite ignored="0" hostname="DESKTOP-63TRQ0M" failures="1" tests="1" name="Fireox" time="0.041" errors="0" timestamp="2025-06-12T09:28:42 IST">
  <testcase classname="CrossBowserTest._05_OrangeHRM" name="LoginData" time="0.008">
    <failure type="java.lang.NullPointerException" message="Cannot invoke &amp;quot;org.openqa.selenium.WebDriver.manage()&amp;quot; because &amp;quot;this.driver&amp;quot; is null">
      <![CDATA[java.lang.NullPointerException: Cannot invoke "org.openqa.selenium.WebDriver.manage()" because "this.driver" is null
at CrossBowserTest._05_OrangeHRM.LoginData(_05_OrangeHRM.java:33)
at java.base/java.util.ArrayList.forEach(ArrayList.java:1604)
... Removed 25 stack frames]]>
    </failure>
  </testcase> <!-- LoginData -->
</testsuite> <!-- Fireox -->
