<?xml version="1.0" encoding="UTF-8"?>
<!-- Generated by org.testng.reporters.JUnitXMLReporter -->
<testsuite ignored="0" hostname="DESKTOP-63TRQ0M" failures="0" tests="3" name="Open_Browser_Parallel" time="17.096" errors="0" timestamp="2025-09-25T12:41:34 IST">
  <testcase classname="_01_Open_Browser_Sequen.EDGE" name="Edge_Maven" time="12.821"/>
  <testcase classname="_01_Open_Browser_Sequen.CHROME" name="Chrome_Maven" time="15.297"/>
  <testcase classname="_01_Open_Browser_Sequen.FIREFOX" name="Firefox_Maven" time="17.062"/>
</testsuite> <!-- Open_Browser_Parallel -->
