<?xml version="1.0" encoding="UTF-8"?>
<!-- Generated by org.testng.reporters.JUnitXMLReporter -->
<testsuite ignored="0" hostname="SASIHAR-PC" failures="0" tests="3" name="Sasi" time="47.056" errors="0" timestamp="2025-06-08T16:00:58 IST">
  <testcase classname="_01_Open_Browser.EDGE" name="Edge_Maven" time="21.892"/>
  <testcase classname="_01_Open_Browser.CHROME" name="Chrome_Maven" time="41.982"/>
  <testcase classname="_01_Open_Browser.FIREFOX" name="Firefox_Maven" time="46.904"/>
</testsuite> <!-- Sasi -->
