<?xml version="1.0" encoding="UTF-8"?>
<!-- Generated by org.testng.reporters.JUnitXMLReporter -->
<testsuite ignored="0" hostname="SASIHAR-PC" failures="0" tests="3" name="Test" time="73.245" errors="0" timestamp="2025-06-07T22:13:00 IST">
  <testcase classname="_01_Open_Browser.FIREFOX" name="Firefox_Maven" time="27.808"/>
  <testcase classname="_01_Open_Browser.EDGE" name="Edge_Maven" time="14.746"/>
  <testcase classname="_01_Open_Browser.CHROME" name="Chrome_Maven" time="30.595"/>
</testsuite> <!-- Test -->
